Using pre-set license
Built from '2020.3/staging' branch; Version is '2020.3.23f1 (c5d91304a876) revision 12966163'; Using compiler version '192528614'; Build Type 'Release'
OS: 'Windows 10 Home Single Language; OS build 19043.1288; Version 2009; 64bit' Language: 'en' Physical Memory: 8044 MB
BatchMode: 1, IsHumanControllingUs: 0, StartBugReporterOnCrash: 0, Is64bit: 1, IsPro: 0

COMMAND LINE ARGUMENTS:
C:\Program Files\Unity\Hub\Editor\2020.3.23f1\Editor\Unity.exe
-adb2
-batchMode
-noUpm
-name
AssetImportWorker0
-projectPath
D:/Mutimedia/Lab1
-logFile
Logs/AssetImportWorker0.log
-srvPort
51194
Successfully changed project path to: D:/Mutimedia/Lab1
D:/Mutimedia/Lab1
Using Asset Import Pipeline V2.
Refreshing native plugins compatible for Editor in 45.52 ms, found 2 plugins.
Preloading 0 native plugins for Editor in 0.00 ms.
Initialize engine version: 2020.3.23f1 (c5d91304a876)
[Subsystems] Discovering subsystems at path C:/Program Files/Unity/Hub/Editor/2020.3.23f1/Editor/Data/Resources/UnitySubsystems
[Subsystems] Discovering subsystems at path D:/Mutimedia/Lab1/Assets
GfxDevice: creating device client; threaded=0
Direct3D:
    Version:  Direct3D 11.0 [level 11.1]
    Renderer: NVIDIA GeForce GTX 1050 (ID=0x1c8d)
    Vendor:   
    VRAM:     4019 MB
    Driver:   27.21.14.5763
Initialize mono
Mono path[0] = 'C:/Program Files/Unity/Hub/Editor/2020.3.23f1/Editor/Data/Managed'
Mono path[1] = 'C:/Program Files/Unity/Hub/Editor/2020.3.23f1/Editor/Data/MonoBleedingEdge/lib/mono/unityjit'
Mono config path = 'C:/Program Files/Unity/Hub/Editor/2020.3.23f1/Editor/Data/MonoBleedingEdge/etc'
Using monoOptions --debugger-agent=transport=dt_socket,embedding=1,server=y,suspend=n,address=127.0.0.1:56868
Begin MonoManager ReloadAssembly
Registering precompiled unity dll's ...
Register platform support module: C:/Program Files/Unity/Hub/Editor/2020.3.23f1/Editor/Data/PlaybackEngines/WebGLSupport/UnityEditor.WebGL.Extensions.dll
Register platform support module: C:/Program Files/Unity/Hub/Editor/2020.3.23f1/Editor/Data/PlaybackEngines/WindowsStandaloneSupport/UnityEditor.WindowsStandalone.Extensions.dll
Registered in 0.003380 seconds.
Native extension for WindowsStandalone target not found
Native extension for WebGL target not found
Refreshing native plugins compatible for Editor in 43.76 ms, found 2 plugins.
Preloading 0 native plugins for Editor in 0.00 ms.
Mono: successfully reloaded assembly
- Completed reload, in  0.988 seconds
Domain Reload Profiling:
	ReloadAssembly (988ms)
		BeginReloadAssembly (67ms)
			ExecutionOrderSort (0ms)
			DisableScriptedObjects (0ms)
			BackupInstance (0ms)
			ReleaseScriptingObjects (0ms)
			CreateAndSetChildDomain (1ms)
		EndReloadAssembly (708ms)
			LoadAssemblies (65ms)
			RebuildTransferFunctionScriptingTraits (0ms)
			SetupTypeCache (325ms)
			ReleaseScriptCaches (0ms)
			RebuildScriptCaches (39ms)
			SetupLoadedEditorAssemblies (208ms)
				LogAssemblyErrors (0ms)
				InitializePlatformSupportModulesInManaged (5ms)
				SetLoadedEditorAssemblies (0ms)
				RefreshPlugins (44ms)
				BeforeProcessingInitializeOnLoad (21ms)
				ProcessInitializeOnLoadAttributes (97ms)
				ProcessInitializeOnLoadMethodAttributes (41ms)
				AfterProcessingInitializeOnLoad (0ms)
				EditorAssembliesLoaded (0ms)
			ExecutionOrderSort2 (0ms)
			AwakeInstancesAfterBackupRestoration (0ms)
Platform modules already initialized, skipping
Registering precompiled user dll's ...
Registered in 0.127774 seconds.
Begin MonoManager ReloadAssembly
Native extension for WindowsStandalone target not found
Native extension for WebGL target not found
Refreshing native plugins compatible for Editor in 0.34 ms, found 2 plugins.
Preloading 0 native plugins for Editor in 0.00 ms.
Mono: successfully reloaded assembly
- Completed reload, in  1.207 seconds
Domain Reload Profiling:
	ReloadAssembly (1211ms)
		BeginReloadAssembly (164ms)
			ExecutionOrderSort (0ms)
			DisableScriptedObjects (5ms)
			BackupInstance (0ms)
			ReleaseScriptingObjects (0ms)
			CreateAndSetChildDomain (21ms)
		EndReloadAssembly (978ms)
			LoadAssemblies (95ms)
			RebuildTransferFunctionScriptingTraits (0ms)
			SetupTypeCache (322ms)
			ReleaseScriptCaches (0ms)
			RebuildScriptCaches (46ms)
			SetupLoadedEditorAssemblies (413ms)
				LogAssemblyErrors (0ms)
				InitializePlatformSupportModulesInManaged (6ms)
				SetLoadedEditorAssemblies (1ms)
				RefreshPlugins (0ms)
				BeforeProcessingInitializeOnLoad (84ms)
				ProcessInitializeOnLoadAttributes (303ms)
				ProcessInitializeOnLoadMethodAttributes (10ms)
				AfterProcessingInitializeOnLoad (8ms)
				EditorAssembliesLoaded (0ms)
			ExecutionOrderSort2 (0ms)
			AwakeInstancesAfterBackupRestoration (7ms)
Platform modules already initialized, skipping
========================================================================
Worker process is ready to serve import requests
Launched and connected shader compiler UnityShaderCompiler.exe after 0.13 seconds
Refreshing native plugins compatible for Editor in 0.36 ms, found 2 plugins.
Preloading 0 native plugins for Editor in 0.00 ms.
Unloading 1506 Unused Serialized files (Serialized files now loaded: 0)
System memory in use before: 67.7 MB.
System memory in use after: 67.8 MB.

Unloading 19 unused Assets to reduce memory usage. Loaded Objects now: 1939.
Total: 3.091300 ms (FindLiveObjects: 0.178200 ms CreateObjectMapping: 0.058900 ms MarkObjects: 2.785500 ms  DeleteObjects: 0.067500 ms)

AssetImportParameters requested are different than current active one (requested -> active):
  custom:framework-win-MediaFoundation: 216162199b28c13a410421893ffa2e32 -> 
  custom:video-decoder-ogg-theora: a1e56fd34408186e4bbccfd4996cb3dc -> 
  custom:container-muxer-webm: aa71ff27fc2769a1b78a27578f13a17b -> 
  custom:container-demuxer-webm: 4f35f7cbe854078d1ac9338744f61a02 -> 
  custom:container-demuxer-ogg: 62fdf1f143b41e24485cea50d1cbac27 -> 
  custom:video-encoder-webm-vp8: eb34c28f22e8b96e1ab97ce403110664 -> 
  custom:video-codec-MediaFoundation-h265: 746d11721c4dcdbdad8f713fa42b33f4 -> 
  custom:video-decoder-webm-vp8: 9c59270c3fd7afecdb556c50c9e8de78 -> 
  custom:audio-decoder-ogg-vorbis: bf7c407c2cedff20999df2af8eb42d56 -> 
  custom:audio-encoder-webm-vorbis: bf7c407c2cedff20999df2af8eb42d56 -> 
========================================================================
Received Import Request.
  path: Assets/Textures
  artifactKey: Guid(97cfc508bfd909e49a06693f2e64d22d) Importer(815301076,1909f56bfc062723c751e8b465ee728b)
Start importing Assets/Textures using Guid(97cfc508bfd909e49a06693f2e64d22d) Importer(815301076,1909f56bfc062723c751e8b465ee728b)  -> (artifact id: '8bf89693edc6ed97bdb66b94ca6f62dd') in 0.013625 seconds 
  Import took 0.017026 seconds .

========================================================================
Received Import Request.
  Time since last request: 94.981072 seconds.
  path: Assets/myModel/maria_j_j_ong@Reaction.fbx
  artifactKey: Guid(abb44f00d3bc101458dbf8d8a79e39b4) Importer(815301076,1909f56bfc062723c751e8b465ee728b)
Start importing Assets/myModel/maria_j_j_ong@Reaction.fbx using Guid(abb44f00d3bc101458dbf8d8a79e39b4) Importer(815301076,1909f56bfc062723c751e8b465ee728b)  -> (artifact id: '96417af4276e413ae83bb72c5670c13c') in 0.227362 seconds 
  Import took 0.230739 seconds .

========================================================================
Received Import Request.
  Time since last request: 7.205234 seconds.
  path: Assets/myModel/peasant_girl@Brutal Assassination.fbx
  artifactKey: Guid(8eff5624282f6274097ab9d7c699c291) Importer(815301076,1909f56bfc062723c751e8b465ee728b)
Start importing Assets/myModel/peasant_girl@Brutal Assassination.fbx using Guid(8eff5624282f6274097ab9d7c699c291) Importer(815301076,1909f56bfc062723c751e8b465ee728b)  -> (artifact id: 'be9dad9796077267a1dbe08abe9fe402') in 0.038488 seconds 
  Import took 0.041743 seconds .

========================================================================
Received Import Request.
  Time since last request: 27.060656 seconds.
  path: Assets/myModel/ma.controller
  artifactKey: Guid(06ae9270e42e95743bcce3710f94d7f4) Importer(815301076,1909f56bfc062723c751e8b465ee728b)
Start importing Assets/myModel/ma.controller using Guid(06ae9270e42e95743bcce3710f94d7f4) Importer(815301076,1909f56bfc062723c751e8b465ee728b)  -> (artifact id: 'd1706f2c87446bf75c780b6f44c84bc2') in 0.013636 seconds 
  Import took 0.017821 seconds .

========================================================================
Received Import Request.
  Time since last request: 14.052456 seconds.
  path: Assets/myModel/pe.controller
  artifactKey: Guid(7e045634c644a3f4da53a39545e160df) Importer(815301076,1909f56bfc062723c751e8b465ee728b)
Start importing Assets/myModel/pe.controller using Guid(7e045634c644a3f4da53a39545e160df) Importer(815301076,1909f56bfc062723c751e8b465ee728b)  -> (artifact id: '06b59e34271fd78a6402339afd82de3c') in 0.007010 seconds 
  Import took 0.011246 seconds .

========================================================================
Received Import Request.
  Time since last request: 140.257704 seconds.
  path: Assets/myModel/maria_j_j_ong@Reaction.fbx
  artifactKey: Guid(abb44f00d3bc101458dbf8d8a79e39b4) Importer(815301076,1909f56bfc062723c751e8b465ee728b)
Start importing Assets/myModel/maria_j_j_ong@Reaction.fbx using Guid(abb44f00d3bc101458dbf8d8a79e39b4) Importer(815301076,1909f56bfc062723c751e8b465ee728b)  -> (artifact id: '199d7d3dd11e08cd8f2723fdf373d9ba') in 0.041748 seconds 
  Import took 0.046391 seconds .

========================================================================
Received Import Request.
  Time since last request: 8.546024 seconds.
  path: Assets/myModel/peasant_girl@Brutal Assassination.fbx
  artifactKey: Guid(8eff5624282f6274097ab9d7c699c291) Importer(815301076,1909f56bfc062723c751e8b465ee728b)
Start importing Assets/myModel/peasant_girl@Brutal Assassination.fbx using Guid(8eff5624282f6274097ab9d7c699c291) Importer(815301076,1909f56bfc062723c751e8b465ee728b)  -> (artifact id: '9b8f8616e8d164d2e5014a98a7ddb297') in 0.033612 seconds 
  Import took 0.037109 seconds .

========================================================================
Received Import Request.
  Time since last request: 12.301603 seconds.
  path: Assets/myModel/maria_j_j_ong@Reaction.fbx
  artifactKey: Guid(abb44f00d3bc101458dbf8d8a79e39b4) Importer(815301076,1909f56bfc062723c751e8b465ee728b)
Start importing Assets/myModel/maria_j_j_ong@Reaction.fbx using Guid(abb44f00d3bc101458dbf8d8a79e39b4) Importer(815301076,1909f56bfc062723c751e8b465ee728b)  -> (artifact id: 'd4044c742b36381b03fd712223610ed8') in 0.078329 seconds 
  Import took 0.081818 seconds .

========================================================================
Received Import Request.
  Time since last request: 11.694065 seconds.
  path: Assets/myModel/maria_j_j_ong@Reaction.fbx
  artifactKey: Guid(abb44f00d3bc101458dbf8d8a79e39b4) Importer(815301076,1909f56bfc062723c751e8b465ee728b)
Start importing Assets/myModel/maria_j_j_ong@Reaction.fbx using Guid(abb44f00d3bc101458dbf8d8a79e39b4) Importer(815301076,1909f56bfc062723c751e8b465ee728b)  -> (artifact id: 'f8f9b62a4a1d871cd6a65a7b00f9b333') in 0.048842 seconds 
  Import took 0.052679 seconds .

========================================================================
Received Import Request.
  Time since last request: 12.661740 seconds.
  path: Assets/myModel/peasant_girl@Brutal Assassination.fbx
  artifactKey: Guid(8eff5624282f6274097ab9d7c699c291) Importer(815301076,1909f56bfc062723c751e8b465ee728b)
Start importing Assets/myModel/peasant_girl@Brutal Assassination.fbx using Guid(8eff5624282f6274097ab9d7c699c291) Importer(815301076,1909f56bfc062723c751e8b465ee728b)  -> (artifact id: 'c6e1079692beb62733b27ac853db2b27') in 0.047322 seconds 
  Import took 0.052070 seconds .

========================================================================
Received Import Request.
  Time since last request: 34.547639 seconds.
  path: Assets/myModel/peasant_girl@Brutal Assassination.fbx
  artifactKey: Guid(8eff5624282f6274097ab9d7c699c291) Importer(815301076,1909f56bfc062723c751e8b465ee728b)
Start importing Assets/myModel/peasant_girl@Brutal Assassination.fbx using Guid(8eff5624282f6274097ab9d7c699c291) Importer(815301076,1909f56bfc062723c751e8b465ee728b)  -> (artifact id: '61e823afa2099471e600e7e6c92d84db') in 0.081882 seconds 
  Import took 0.086508 seconds .

========================================================================
Received Import Request.
  Time since last request: 19.831211 seconds.
  path: Assets/myModel/maria_j_j_ong@Reaction.fbx
  artifactKey: Guid(abb44f00d3bc101458dbf8d8a79e39b4) Importer(815301076,1909f56bfc062723c751e8b465ee728b)
Start importing Assets/myModel/maria_j_j_ong@Reaction.fbx using Guid(abb44f00d3bc101458dbf8d8a79e39b4) Importer(815301076,1909f56bfc062723c751e8b465ee728b)  -> (artifact id: '0a6ad094e0aa22624523f20f7146dd73') in 0.040041 seconds 
  Import took 0.044147 seconds .

========================================================================
Received Import Request.
  Time since last request: 17.223059 seconds.
  path: Assets/myModel/peasant_girl@Brutal Assassination.fbx
  artifactKey: Guid(8eff5624282f6274097ab9d7c699c291) Importer(815301076,1909f56bfc062723c751e8b465ee728b)
Start importing Assets/myModel/peasant_girl@Brutal Assassination.fbx using Guid(8eff5624282f6274097ab9d7c699c291) Importer(815301076,1909f56bfc062723c751e8b465ee728b)  -> (artifact id: 'ffe21b9a104acbeefc617e8a5dd2a908') in 0.031217 seconds 
  Import took 0.035067 seconds .

========================================================================
Received Import Request.
  Time since last request: 57.183339 seconds.
  path: Assets/myModel/peasant_girl@Brutal Assassination.fbx
  artifactKey: Guid(8eff5624282f6274097ab9d7c699c291) Importer(815301076,1909f56bfc062723c751e8b465ee728b)
Start importing Assets/myModel/peasant_girl@Brutal Assassination.fbx using Guid(8eff5624282f6274097ab9d7c699c291) Importer(815301076,1909f56bfc062723c751e8b465ee728b)  -> (artifact id: '0087a266d7aa46c0e34f2c1bffd785cc') in 0.034778 seconds 
  Import took 0.038689 seconds .

========================================================================
Received Prepare
Registering precompiled user dll's ...
Registered in 0.003548 seconds.
Begin MonoManager ReloadAssembly
Native extension for WindowsStandalone target not found
Native extension for WebGL target not found
Refreshing native plugins compatible for Editor in 0.37 ms, found 2 plugins.
Preloading 0 native plugins for Editor in 0.00 ms.
Mono: successfully reloaded assembly
- Completed reload, in  1.114 seconds
Domain Reload Profiling:
	ReloadAssembly (1115ms)
		BeginReloadAssembly (126ms)
			ExecutionOrderSort (0ms)
			DisableScriptedObjects (6ms)
			BackupInstance (0ms)
			ReleaseScriptingObjects (0ms)
			CreateAndSetChildDomain (37ms)
		EndReloadAssembly (912ms)
			LoadAssemblies (100ms)
			RebuildTransferFunctionScriptingTraits (0ms)
			SetupTypeCache (325ms)
			ReleaseScriptCaches (1ms)
			RebuildScriptCaches (45ms)
			SetupLoadedEditorAssemblies (327ms)
				LogAssemblyErrors (0ms)
				InitializePlatformSupportModulesInManaged (6ms)
				SetLoadedEditorAssemblies (1ms)
				RefreshPlugins (0ms)
				BeforeProcessingInitializeOnLoad (83ms)
				ProcessInitializeOnLoadAttributes (219ms)
				ProcessInitializeOnLoadMethodAttributes (9ms)
				AfterProcessingInitializeOnLoad (8ms)
				EditorAssembliesLoaded (0ms)
			ExecutionOrderSort2 (0ms)
			AwakeInstancesAfterBackupRestoration (7ms)
Platform modules already initialized, skipping
Refreshing native plugins compatible for Editor in 0.40 ms, found 2 plugins.
Preloading 0 native plugins for Editor in 0.00 ms.
Unloading 1500 Unused Serialized files (Serialized files now loaded: 0)
System memory in use before: 84.7 MB.
System memory in use after: 84.8 MB.

Unloading 14 unused Assets to reduce memory usage. Loaded Objects now: 1985.
Total: 3.099800 ms (FindLiveObjects: 0.154600 ms CreateObjectMapping: 0.052100 ms MarkObjects: 2.872300 ms  DeleteObjects: 0.020000 ms)

AssetImportParameters requested are different than current active one (requested -> active):
  custom:framework-win-MediaFoundation: 216162199b28c13a410421893ffa2e32 -> 
  custom:video-decoder-ogg-theora: a1e56fd34408186e4bbccfd4996cb3dc -> 
  custom:container-muxer-webm: aa71ff27fc2769a1b78a27578f13a17b -> 
  custom:container-demuxer-webm: 4f35f7cbe854078d1ac9338744f61a02 -> 
  custom:container-demuxer-ogg: 62fdf1f143b41e24485cea50d1cbac27 -> 
  custom:video-encoder-webm-vp8: eb34c28f22e8b96e1ab97ce403110664 -> 
  custom:video-codec-MediaFoundation-h265: 746d11721c4dcdbdad8f713fa42b33f4 -> 
  custom:video-decoder-webm-vp8: 9c59270c3fd7afecdb556c50c9e8de78 -> 
  custom:audio-decoder-ogg-vorbis: bf7c407c2cedff20999df2af8eb42d56 -> 
  custom:audio-encoder-webm-vorbis: bf7c407c2cedff20999df2af8eb42d56 -> 
========================================================================
Received Import Request.
  Time since last request: 377.011031 seconds.
  path: Assets/myModel/ma.controller
  artifactKey: Guid(06ae9270e42e95743bcce3710f94d7f4) Importer(815301076,1909f56bfc062723c751e8b465ee728b)
Start importing Assets/myModel/ma.controller using Guid(06ae9270e42e95743bcce3710f94d7f4) Importer(815301076,1909f56bfc062723c751e8b465ee728b)  -> (artifact id: '3d125e9cfd9d0e574186dde6aa766498') in 0.018158 seconds 
  Import took 0.021344 seconds .

========================================================================
Received Import Request.
  Time since last request: 12.924836 seconds.
  path: Assets/myModel/pe.controller
  artifactKey: Guid(7e045634c644a3f4da53a39545e160df) Importer(815301076,1909f56bfc062723c751e8b465ee728b)
Start importing Assets/myModel/pe.controller using Guid(7e045634c644a3f4da53a39545e160df) Importer(815301076,1909f56bfc062723c751e8b465ee728b)  -> (artifact id: '3608ebc91c605e9d3f4ec38c0f782517') in 0.010770 seconds 
  Import took 0.025467 seconds .

========================================================================
Received Prepare
Registering precompiled user dll's ...
Registered in 0.003887 seconds.
Begin MonoManager ReloadAssembly
Native extension for WindowsStandalone target not found
Native extension for WebGL target not found
Refreshing native plugins compatible for Editor in 0.37 ms, found 2 plugins.
Preloading 0 native plugins for Editor in 0.00 ms.
Mono: successfully reloaded assembly
- Completed reload, in  1.228 seconds
Domain Reload Profiling:
	ReloadAssembly (1229ms)
		BeginReloadAssembly (157ms)
			ExecutionOrderSort (0ms)
			DisableScriptedObjects (7ms)
			BackupInstance (0ms)
			ReleaseScriptingObjects (0ms)
			CreateAndSetChildDomain (47ms)
		EndReloadAssembly (987ms)
			LoadAssemblies (119ms)
			RebuildTransferFunctionScriptingTraits (0ms)
			SetupTypeCache (355ms)
			ReleaseScriptCaches (1ms)
			RebuildScriptCaches (48ms)
			SetupLoadedEditorAssemblies (354ms)
				LogAssemblyErrors (0ms)
				InitializePlatformSupportModulesInManaged (7ms)
				SetLoadedEditorAssemblies (1ms)
				RefreshPlugins (0ms)
				BeforeProcessingInitializeOnLoad (92ms)
				ProcessInitializeOnLoadAttributes (234ms)
				ProcessInitializeOnLoadMethodAttributes (10ms)
				AfterProcessingInitializeOnLoad (10ms)
				EditorAssembliesLoaded (0ms)
			ExecutionOrderSort2 (0ms)
			AwakeInstancesAfterBackupRestoration (8ms)
Platform modules already initialized, skipping
Refreshing native plugins compatible for Editor in 0.45 ms, found 2 plugins.
Preloading 0 native plugins for Editor in 0.00 ms.
Unloading 1500 Unused Serialized files (Serialized files now loaded: 0)
System memory in use before: 84.7 MB.
System memory in use after: 84.8 MB.

Unloading 14 unused Assets to reduce memory usage. Loaded Objects now: 1987.
Total: 3.779900 ms (FindLiveObjects: 0.185200 ms CreateObjectMapping: 0.062300 ms MarkObjects: 3.502600 ms  DeleteObjects: 0.028300 ms)

AssetImportParameters requested are different than current active one (requested -> active):
  custom:framework-win-MediaFoundation: 216162199b28c13a410421893ffa2e32 -> 
  custom:video-decoder-ogg-theora: a1e56fd34408186e4bbccfd4996cb3dc -> 
  custom:container-muxer-webm: aa71ff27fc2769a1b78a27578f13a17b -> 
  custom:container-demuxer-webm: 4f35f7cbe854078d1ac9338744f61a02 -> 
  custom:container-demuxer-ogg: 62fdf1f143b41e24485cea50d1cbac27 -> 
  custom:video-encoder-webm-vp8: eb34c28f22e8b96e1ab97ce403110664 -> 
  custom:video-codec-MediaFoundation-h265: 746d11721c4dcdbdad8f713fa42b33f4 -> 
  custom:video-decoder-webm-vp8: 9c59270c3fd7afecdb556c50c9e8de78 -> 
  custom:audio-decoder-ogg-vorbis: bf7c407c2cedff20999df2af8eb42d56 -> 
  custom:audio-encoder-webm-vorbis: bf7c407c2cedff20999df2af8eb42d56 -> 
========================================================================
Received Prepare
Registering precompiled user dll's ...
Registered in 0.003466 seconds.
Begin MonoManager ReloadAssembly
Native extension for WindowsStandalone target not found
Native extension for WebGL target not found
Refreshing native plugins compatible for Editor in 0.37 ms, found 2 plugins.
Preloading 0 native plugins for Editor in 0.00 ms.
Mono: successfully reloaded assembly
- Completed reload, in  1.114 seconds
Domain Reload Profiling:
	ReloadAssembly (1115ms)
		BeginReloadAssembly (139ms)
			ExecutionOrderSort (0ms)
			DisableScriptedObjects (5ms)
			BackupInstance (0ms)
			ReleaseScriptingObjects (0ms)
			CreateAndSetChildDomain (38ms)
		EndReloadAssembly (892ms)
			LoadAssemblies (109ms)
			RebuildTransferFunctionScriptingTraits (0ms)
			SetupTypeCache (319ms)
			ReleaseScriptCaches (1ms)
			RebuildScriptCaches (44ms)
			SetupLoadedEditorAssemblies (324ms)
				LogAssemblyErrors (0ms)
				InitializePlatformSupportModulesInManaged (6ms)
				SetLoadedEditorAssemblies (1ms)
				RefreshPlugins (0ms)
				BeforeProcessingInitializeOnLoad (86ms)
				ProcessInitializeOnLoadAttributes (213ms)
				ProcessInitializeOnLoadMethodAttributes (9ms)
				AfterProcessingInitializeOnLoad (8ms)
				EditorAssembliesLoaded (0ms)
			ExecutionOrderSort2 (0ms)
			AwakeInstancesAfterBackupRestoration (7ms)
Platform modules already initialized, skipping
Refreshing native plugins compatible for Editor in 0.46 ms, found 2 plugins.
Preloading 0 native plugins for Editor in 0.00 ms.
Unloading 1500 Unused Serialized files (Serialized files now loaded: 0)
System memory in use before: 84.7 MB.
System memory in use after: 84.8 MB.

Unloading 14 unused Assets to reduce memory usage. Loaded Objects now: 1989.
Total: 3.063500 ms (FindLiveObjects: 0.174600 ms CreateObjectMapping: 0.054100 ms MarkObjects: 2.814000 ms  DeleteObjects: 0.020000 ms)

AssetImportParameters requested are different than current active one (requested -> active):
  custom:framework-win-MediaFoundation: 216162199b28c13a410421893ffa2e32 -> 
  custom:video-decoder-ogg-theora: a1e56fd34408186e4bbccfd4996cb3dc -> 
  custom:container-muxer-webm: aa71ff27fc2769a1b78a27578f13a17b -> 
  custom:container-demuxer-webm: 4f35f7cbe854078d1ac9338744f61a02 -> 
  custom:container-demuxer-ogg: 62fdf1f143b41e24485cea50d1cbac27 -> 
  custom:video-encoder-webm-vp8: eb34c28f22e8b96e1ab97ce403110664 -> 
  custom:video-codec-MediaFoundation-h265: 746d11721c4dcdbdad8f713fa42b33f4 -> 
  custom:video-decoder-webm-vp8: 9c59270c3fd7afecdb556c50c9e8de78 -> 
  custom:audio-decoder-ogg-vorbis: bf7c407c2cedff20999df2af8eb42d56 -> 
  custom:audio-encoder-webm-vorbis: bf7c407c2cedff20999df2af8eb42d56 -> 
